<?xml version="1.0" encoding="UTF-8"?>
<!-- Generated by org.testng.reporters.JUnitReportReporter -->
<testsuite hostname="ST242GUR" failures="0" tests="8" name="testcases.Recruitment" time="114.202" errors="0" timestamp="2024-03-19T18:01:35 IST" skipped="7">
  <testcase classname="testcases.Recruitment" name="TC08_Recruitment_RejectCandidateWithoutShortlist" time="114.202"/>
  <system-out/>
  <testcase classname="testcases.Recruitment" name="TC01_Recruitment_AddVacancy">
    <skipped/>
  </testcase> <!-- TC01_Recruitment_AddVacancy -->
  <system-out/>
  <testcase classname="testcases.Recruitment" name="TC06_Recruitment_HireCandidate">
    <skipped/>
  </testcase> <!-- TC06_Recruitment_HireCandidate -->
  <system-out/>
  <testcase classname="testcases.Recruitment" name="TC02_Recruitment_AddCandidate">
    <skipped/>
  </testcase> <!-- TC02_Recruitment_AddCandidate -->
  <system-out/>
  <testcase classname="testcases.Recruitment" name="TC03_Recruitment_ShortlistCandidate">
    <skipped/>
  </testcase> <!-- TC03_Recruitment_ShortlistCandidate -->
  <system-out/>
  <testcase classname="testcases.Recruitment" name="TC04_Recruitment_ScheduleInterviewForCandidate">
    <skipped/>
  </testcase> <!-- TC04_Recruitment_ScheduleInterviewForCandidate -->
  <system-out/>
  <testcase classname="testcases.Recruitment" name="TC07_Recruitment_MarkInterviewFailedAndRejectCandidate">
    <skipped/>
  </testcase> <!-- TC07_Recruitment_MarkInterviewFailedAndRejectCandidate -->
  <system-out/>
  <testcase classname="testcases.Recruitment" name="TC05_Recruitment_MarkInterviewPassedAndOfferJobToCandidate">
    <skipped/>
  </testcase> <!-- TC05_Recruitment_MarkInterviewPassedAndOfferJobToCandidate -->
  <system-out/>
</testsuite> <!-- testcases.Recruitment -->
