<?xml version="1.0" encoding="UTF-8"?>
<!-- Generated by org.testng.reporters.JUnitReportReporter -->
<testsuite hostname="ST242GUR" failures="0" tests="2" name="testcases.Login" time="17.427" errors="0" timestamp="2024-02-16T15:17:08 IST" skipped="0">
  <testcase classname="testcases.Login" name="HRMLogin_ValidCredentials" time="9.262"/>
  <system-out/>
  <testcase classname="testcases.Login" name="HRMLogin_InvalidCredentials" time="8.165"/>
  <system-out/>
</testsuite> <!-- testcases.Login -->
