<?xml version="1.0" encoding="UTF-8"?>
<!-- Generated by org.testng.reporters.JUnitReportReporter -->
<testsuite hostname="ST242GUR" failures="0" tests="4" name="testcases.Admin" time="105.877" errors="0" timestamp="2024-03-07T18:05:54 IST" skipped="0">
  <testcase classname="testcases.Admin" name="TC01_Admin_SearchUserByNameAndRole" time="13.461"/>
  <system-out/>
  <testcase classname="testcases.Admin" name="TC02_Admin_CreateSystemUser" time="32.948"/>
  <system-out/>
  <testcase classname="testcases.Admin" name="TC03_Admin_LoginWithNewSystemUser" time="35.239"/>
  <system-out/>
  <testcase classname="testcases.Admin" name="TC04_Admin_CreateJobTitle" time="24.229"/>
  <system-out/>
</testsuite> <!-- testcases.Admin -->
