<?xml version="1.0" encoding="UTF-8"?>
<!-- Generated by org.testng.reporters.JUnitReportReporter -->
<testsuite hostname="ST242GUR" failures="0" tests="8" name="testcases.Admin" time="31.459" errors="0" timestamp="2024-04-01T10:18:29 IST" skipped="7">
  <testcase classname="testcases.Admin" name="TC07_Admin_CreateWorkShift" time="31.459"/>
  <system-out/>
  <testcase classname="testcases.Admin" name="TC05_Admin_CreateEmploymentStatus">
    <skipped/>
  </testcase> <!-- TC05_Admin_CreateEmploymentStatus -->
  <system-out/>
  <testcase classname="testcases.Admin" name="TC02_Admin_CreateSystemUser">
    <skipped/>
  </testcase> <!-- TC02_Admin_CreateSystemUser -->
  <system-out/>
  <testcase classname="testcases.Admin" name="TC03_Admin_LoginWithNewSystemUser">
    <skipped/>
  </testcase> <!-- TC03_Admin_LoginWithNewSystemUser -->
  <system-out/>
  <testcase classname="testcases.Admin" name="TC01_Admin_SearchUserByNameAndRole">
    <skipped/>
  </testcase> <!-- TC01_Admin_SearchUserByNameAndRole -->
  <system-out/>
  <testcase classname="testcases.Admin" name="TC06_Admin_CreateJobCategory">
    <skipped/>
  </testcase> <!-- TC06_Admin_CreateJobCategory -->
  <system-out/>
  <testcase classname="testcases.Admin" name="TC08_Admin_CreatePayGrade">
    <skipped/>
  </testcase> <!-- TC08_Admin_CreatePayGrade -->
  <system-out/>
  <testcase classname="testcases.Admin" name="TC04_Admin_CreateJobTitle">
    <skipped/>
  </testcase> <!-- TC04_Admin_CreateJobTitle -->
  <system-out/>
</testsuite> <!-- testcases.Admin -->
