<?xml version="1.0" encoding="UTF-8"?>
<!-- Generated by org.testng.reporters.JUnitReportReporter -->
<testsuite hostname="ST242GUR" failures="0" tests="8" name="testcases.Recruitment" time="449.416" errors="0" timestamp="2024-03-20T16:02:15 IST" skipped="1">
  <testcase classname="testcases.Recruitment" name="TC01_Recruitment_AddVacancy" time="42.487"/>
  <system-out/>
  <testcase classname="testcases.Recruitment" name="TC02_Recruitment_AddCandidate" time="29.871"/>
  <system-out/>
  <testcase classname="testcases.Recruitment" name="TC03_Recruitment_ShortlistCandidate" time="40.236"/>
  <system-out/>
  <testcase classname="testcases.Recruitment" name="TC04_Recruitment_ScheduleInterviewForCandidate" time="44.720"/>
  <system-out/>
  <testcase classname="testcases.Recruitment" name="TC05_Recruitment_MarkInterviewPassedAndOfferJobToCandidate" time="62.371"/>
  <system-out/>
  <testcase classname="testcases.Recruitment" name="TC07_Recruitment_MarkInterviewFailedAndRejectCandidate" time="98.319"/>
  <system-out/>
  <testcase classname="testcases.Recruitment" name="TC08_Recruitment_RejectCandidateWithoutShortlist" time="131.412"/>
  <system-out/>
  <testcase classname="testcases.Recruitment" name="TC06_Recruitment_HireCandidate">
    <skipped/>
  </testcase> <!-- TC06_Recruitment_HireCandidate -->
  <system-out/>
</testsuite> <!-- testcases.Recruitment -->
