<?xml version="1.0" encoding="UTF-8"?>
<!-- Generated by org.testng.reporters.JUnitReportReporter -->
<testsuite hostname="ST242GUR" failures="0" tests="2" name="testcases.Admin" time="51.837" errors="0" timestamp="2024-03-06T17:45:26 IST" skipped="0">
  <testcase classname="testcases.Admin" name="TC01_Admin_SearchUserByNameAndRole" time="15.787"/>
  <system-out/>
  <testcase classname="testcases.Admin" name="TC02_Admin_CreateSystemUser" time="36.050"/>
  <system-out/>
</testsuite> <!-- testcases.Admin -->
