<?xml version="1.0" encoding="UTF-8"?>
<!-- Generated by org.testng.reporters.JUnitReportReporter -->
<testsuite hostname="ST242GUR" failures="0" tests="1" name="testcases.Dashboard" time="14.745" errors="0" timestamp="2024-03-08T18:04:48 IST" skipped="0">
  <testcase classname="testcases.Dashboard" name="TC01_Dashboard_verifyDasboardMainMenus" time="14.745"/>
  <system-out/>
</testsuite> <!-- testcases.Dashboard -->
