<?xml version="1.0" encoding="UTF-8"?>
<!-- Generated by org.testng.reporters.JUnitReportReporter -->
<testsuite hostname="ST242GUR" failures="0" tests="1" name="testcases.Admin" time="8.961" errors="0" timestamp="2024-02-19T17:11:38 IST" skipped="0">
  <testcase classname="testcases.Admin" name="SearchUser" time="8.961"/>
  <system-out/>
</testsuite> <!-- testcases.Admin -->
