<?xml version="1.0" encoding="UTF-8"?>
<!-- Generated by org.testng.reporters.JUnitReportReporter -->
<testsuite hostname="ST242GUR" failures="0" tests="4" name="testcases.Login" time="28.937" errors="0" timestamp="2024-03-05T15:53:16 IST" skipped="0">
  <testcase classname="testcases.Login" name="TC01_Login_ValidCredentials" time="8.134"/>
  <system-out/>
  <testcase classname="testcases.Login" name="TC02_Login_InvalidCredentials" time="6.908"/>
  <system-out/>
  <testcase classname="testcases.Login" name="TC02_Login_InvalidCredentials" time="6.805"/>
  <system-out/>
  <testcase classname="testcases.Login" name="TC02_Login_InvalidCredentials" time="7.090"/>
  <system-out/>
</testsuite> <!-- testcases.Login -->
