<?xml version="1.0" encoding="UTF-8"?>
<!-- Generated by org.testng.reporters.JUnitReportReporter -->
<testsuite hostname="ST242GUR" failures="0" tests="4" name="testcases.Login" time="34.800" errors="0" timestamp="2024-03-15T17:27:53 IST" skipped="0">
  <testcase classname="testcases.Login" name="TC01_Login_ValidCredentials" time="9.128"/>
  <system-out/>
  <testcase classname="testcases.Login" name="TC02_Login_InvalidCredentials" time="8.826"/>
  <system-out/>
  <testcase classname="testcases.Login" name="TC02_Login_InvalidCredentials" time="8.035"/>
  <system-out/>
  <testcase classname="testcases.Login" name="TC02_Login_InvalidCredentials" time="8.811"/>
  <system-out/>
</testsuite> <!-- testcases.Login -->
