<?xml version="1.0" encoding="UTF-8"?>
<!-- Generated by org.testng.reporters.JUnitReportReporter -->
<testsuite hostname="ST242GUR" failures="0" tests="1" name="testcases.Dashboard" time="17.316" errors="0" timestamp="2024-03-06T17:45:26 IST" skipped="0">
  <testcase classname="testcases.Dashboard" name="TC01_Dashboard_verifyDasboardMainMenus" time="17.316"/>
  <system-out/>
</testsuite> <!-- testcases.Dashboard -->
