<?xml version="1.0" encoding="UTF-8"?>
<!-- Generated by org.testng.reporters.JUnitReportReporter -->
<testsuite hostname="ST242GUR" failures="0" tests="1" name="testcases.Admin" time="12.105" errors="0" timestamp="2024-03-05T15:53:16 IST" skipped="0">
  <testcase classname="testcases.Admin" name="TC01_Admin_SearchUser" time="12.105"/>
  <system-out/>
</testsuite> <!-- testcases.Admin -->
