<?xml version="1.0" encoding="UTF-8"?>
<!-- Generated by org.testng.reporters.JUnitReportReporter -->
<testsuite hostname="ST242GUR" failures="0" tests="5" name="testcases.PIM" time="237.543" errors="0" timestamp="2024-04-01T10:18:29 IST" skipped="0">
  <testcase classname="testcases.PIM" name="TC01_PIM_CreateEmployeeWithoutCreatingLoginDetails" time="33.221"/>
  <system-out/>
  <testcase classname="testcases.PIM" name="TC02_PIM_SearchEmployeeWithEmployeeId" time="41.271"/>
  <system-out/>
  <testcase classname="testcases.PIM" name="TC03_PIM_CreateEmployeeWithLoginDetails" time="51.391"/>
  <system-out/>
  <testcase classname="testcases.PIM" name="TC04_PIM_DeleteEmployee" time="50.999"/>
  <system-out/>
  <testcase classname="testcases.PIM" name="TC05_PIM_EditEmployeeName" time="60.661"/>
  <system-out/>
</testsuite> <!-- testcases.PIM -->
