<?xml version="1.0" encoding="UTF-8"?>
<!-- Generated by org.testng.reporters.JUnitReportReporter -->
<testsuite hostname="ST242GUR" failures="0" tests="1" name="testcases.Admin" time="12.794" errors="0" timestamp="2024-02-21T19:14:36 IST" skipped="0">
  <testcase classname="testcases.Admin" name="SearchUser" time="12.794"/>
  <system-out/>
</testsuite> <!-- testcases.Admin -->
