<?xml version="1.0" encoding="UTF-8"?>
<!-- Generated by org.testng.reporters.JUnitReportReporter -->
<testsuite hostname="ST242GUR" failures="0" tests="3" name="testcases.Time" time="188.600" errors="0" timestamp="2024-04-01T10:18:29 IST" skipped="0">
  <testcase classname="testcases.Time" name="TC01_Time_CreateTimesheet" time="61.897"/>
  <system-out/>
  <testcase classname="testcases.Time" name="TC02_Time_CreateTimesheetWithMultipleProjects" time="64.903"/>
  <system-out/>
  <testcase classname="testcases.Time" name="TC03_Time_SubmitAndApproveTimesheet" time="61.800"/>
  <system-out/>
</testsuite> <!-- testcases.Time -->
