<?xml version="1.0" encoding="UTF-8"?>
<!-- Generated by org.testng.reporters.JUnitReportReporter -->
<testsuite hostname="ST242GUR" failures="0" tests="8" name="testcases.Admin" time="240.063" errors="0" timestamp="2024-03-08T18:04:48 IST" skipped="0">
  <testcase classname="testcases.Admin" name="TC01_Admin_SearchUserByNameAndRole" time="23.264"/>
  <system-out/>
  <testcase classname="testcases.Admin" name="TC02_Admin_CreateSystemUser" time="38.122"/>
  <system-out/>
  <testcase classname="testcases.Admin" name="TC03_Admin_LoginWithNewSystemUser" time="41.617"/>
  <system-out/>
  <testcase classname="testcases.Admin" name="TC04_Admin_CreateJobTitle" time="28.656"/>
  <system-out/>
  <testcase classname="testcases.Admin" name="TC05_Admin_CreateEmploymentStatus" time="24.451"/>
  <system-out/>
  <testcase classname="testcases.Admin" name="TC06_Admin_CreateJobCategory" time="25.780"/>
  <system-out/>
  <testcase classname="testcases.Admin" name="TC07_Admin_CreateWorkShift" time="27.459"/>
  <system-out/>
  <testcase classname="testcases.Admin" name="TC08_Admin_CreatePayGrade" time="30.714"/>
  <system-out/>
</testsuite> <!-- testcases.Admin -->
