<?xml version="1.0" encoding="UTF-8"?>
<!-- Generated by org.testng.reporters.JUnitReportReporter -->
<testsuite hostname="ST242GUR" failures="0" tests="4" name="testcases.Login" time="86.995" errors="0" timestamp="2024-03-27T19:03:09 IST" skipped="0">
  <testcase classname="testcases.Login" name="TC01_Login_ValidCredentials" time="20.732"/>
  <system-out/>
  <testcase classname="testcases.Login" name="TC02_Login_InvalidCredentials" time="15.895"/>
  <system-out/>
  <testcase classname="testcases.Login" name="TC02_Login_InvalidCredentials" time="27.551"/>
  <system-out/>
  <testcase classname="testcases.Login" name="TC02_Login_InvalidCredentials" time="22.817"/>
  <system-out/>
</testsuite> <!-- testcases.Login -->
