<?xml version="1.0" encoding="UTF-8"?>
<!-- Generated by org.testng.reporters.JUnitReportReporter -->
<testsuite hostname="ST242GUR" failures="0" tests="1" name="testcases.Dashboard" time="11.172" errors="0" timestamp="2024-03-07T18:05:54 IST" skipped="0">
  <testcase classname="testcases.Dashboard" name="TC01_Dashboard_verifyDasboardMainMenus" time="11.172"/>
  <system-out/>
</testsuite> <!-- testcases.Dashboard -->
