<?xml version="1.0" encoding="UTF-8"?>
<!-- Generated by org.testng.reporters.JUnitReportReporter -->
<testsuite hostname="ST242GUR" failures="0" tests="4" name="testcases.Login" time="54.410" errors="0" timestamp="2024-03-13T15:39:36 IST" skipped="0">
  <testcase classname="testcases.Login" name="TC01_Login_ValidCredentials" time="14.570"/>
  <system-out/>
  <testcase classname="testcases.Login" name="TC02_Login_InvalidCredentials" time="14.581"/>
  <system-out/>
  <testcase classname="testcases.Login" name="TC02_Login_InvalidCredentials" time="11.812"/>
  <system-out/>
  <testcase classname="testcases.Login" name="TC02_Login_InvalidCredentials" time="13.447"/>
  <system-out/>
</testsuite> <!-- testcases.Login -->
