<?xml version="1.0" encoding="UTF-8"?>
<!-- Generated by org.testng.reporters.JUnitReportReporter -->
<testsuite hostname="ST242GUR" failures="0" tests="1" name="testcases.Admin" time="13.782" errors="0" timestamp="2024-02-20T17:32:11 IST" skipped="0">
  <testcase classname="testcases.Admin" name="SearchUser" time="13.782"/>
  <system-out/>
</testsuite> <!-- testcases.Admin -->
