<?xml version="1.0" encoding="UTF-8"?>
<!-- Generated by org.testng.reporters.JUnitReportReporter -->
<testsuite hostname="ST242GUR" failures="0" tests="2" name="testcases.Login" time="18.467" errors="0" timestamp="2024-02-20T17:32:11 IST" skipped="0">
  <testcase classname="testcases.Login" name="Login_ValidCredentials" time="9.554"/>
  <system-out/>
  <testcase classname="testcases.Login" name="Login_InvalidCredentials" time="8.913"/>
  <system-out/>
</testsuite> <!-- testcases.Login -->
