<?xml version="1.0" encoding="UTF-8"?>
<!-- Generated by org.testng.reporters.JUnitReportReporter -->
<testsuite hostname="ST242GUR" failures="0" tests="6" name="testcases.Recruitment" time="291.966" errors="0" timestamp="2024-03-18T13:02:15 IST" skipped="0">
  <testcase classname="testcases.Recruitment" name="TC01_Recruitment_AddVacancy" time="50.379"/>
  <system-out/>
  <testcase classname="testcases.Recruitment" name="TC02_Recruitment_AddCandidate" time="33.632"/>
  <system-out/>
  <testcase classname="testcases.Recruitment" name="TC03_Recruitment_ShortlistCandidate" time="43.439"/>
  <system-out/>
  <testcase classname="testcases.Recruitment" name="TC04_Recruitment_ScheduleInterviewForCandidate" time="51.217"/>
  <system-out/>
  <testcase classname="testcases.Recruitment" name="TC05_Recruitment_MarkInterviewPassedAndOfferJobToCandidate" time="69.014"/>
  <system-out/>
  <testcase classname="testcases.Recruitment" name="TC06_Recruitment_HireCandidate" time="44.285"/>
  <system-out/>
</testsuite> <!-- testcases.Recruitment -->
