<?xml version="1.0" encoding="UTF-8"?>
<!-- Generated by org.testng.reporters.JUnitReportReporter -->
<testsuite hostname="ST242GUR" failures="0" tests="5" name="testcases.PIM" time="222.682" errors="0" timestamp="2024-03-12T18:09:45 IST" skipped="0">
  <testcase classname="testcases.PIM" name="TC01_PIM_CreateEmployeeWithoutCreatingLoginDetails" time="33.054"/>
  <system-out/>
  <testcase classname="testcases.PIM" name="TC02_PIM_SearchEmployeeWithEmployeeId" time="31.403"/>
  <system-out/>
  <testcase classname="testcases.PIM" name="TC03_PIM_CreateEmployeeWithLoginDetails" time="50.102"/>
  <system-out/>
  <testcase classname="testcases.PIM" name="TC04_PIM_DeleteEmployee" time="50.178"/>
  <system-out/>
  <testcase classname="testcases.PIM" name="TC05_PIM_EditEmployeeName" time="57.945"/>
  <system-out/>
</testsuite> <!-- testcases.PIM -->
