<?xml version="1.0" encoding="UTF-8"?>
<!-- Generated by org.testng.reporters.JUnitReportReporter -->
<testsuite hostname="ST242GUR" failures="0" tests="3" name="testcases.Time" time="169.682" errors="0" timestamp="2024-03-27T19:03:09 IST" skipped="0">
  <testcase classname="testcases.Time" name="TC01_Time_CreateTimesheet" time="48.571"/>
  <system-out/>
  <testcase classname="testcases.Time" name="TC02_Time_CreateTimesheetWithMultipleProjects" time="61.477"/>
  <system-out/>
  <testcase classname="testcases.Time" name="TC03_Time_SubmitAndApproveTimesheet" time="59.634"/>
  <system-out/>
</testsuite> <!-- testcases.Time -->
