<?xml version="1.0" encoding="UTF-8"?>
<!-- Generated by org.testng.reporters.JUnitReportReporter -->
<testsuite hostname="ST242GUR" failures="0" tests="2" name="testcases.Dashboard" time="92.941" errors="0" timestamp="2024-04-15T11:32:33 IST" skipped="0">
  <testcase classname="testcases.Dashboard" name="TC01_Dashboard_verifyDasboardMainMenus" time="14.182"/>
  <system-out/>
  <testcase classname="testcases.Dashboard" name="TC02_Dashboard_PunchInAndPunchOutFromDasboard" time="78.759"/>
  <system-out/>
</testsuite> <!-- testcases.Dashboard -->
