<?xml version="1.0" encoding="UTF-8"?>
<!-- Generated by org.testng.reporters.JUnitReportReporter -->
<testsuite hostname="ST242GUR" failures="0" tests="2" name="testcases.Dashboard" time="85.156" errors="0" timestamp="2024-04-01T19:30:38 IST" skipped="1">
  <testcase classname="testcases.Dashboard" name="TC02_Dashboard_PunchInAndPunchOutFromDasboard" time="85.156"/>
  <system-out/>
  <testcase classname="testcases.Dashboard" name="TC01_Dashboard_verifyDasboardMainMenus">
    <skipped/>
  </testcase> <!-- TC01_Dashboard_verifyDasboardMainMenus -->
  <system-out/>
</testsuite> <!-- testcases.Dashboard -->
