<?xml version="1.0" encoding="UTF-8"?>
<!-- Generated by org.testng.reporters.JUnitReportReporter -->
<testsuite hostname="ST242GUR" failures="0" tests="4" name="testcases.Login" time="33.675" errors="0" timestamp="2024-02-21T19:14:36 IST" skipped="0">
  <testcase classname="testcases.Login" name="Login_ValidCredentials" time="8.378"/>
  <system-out/>
  <testcase classname="testcases.Login" name="Login_InvalidCredentials" time="9.446"/>
  <system-out/>
  <testcase classname="testcases.Login" name="Login_InvalidCredentials" time="7.873"/>
  <system-out/>
  <testcase classname="testcases.Login" name="Login_InvalidCredentials" time="7.978"/>
  <system-out/>
</testsuite> <!-- testcases.Login -->
