<?xml version="1.0" encoding="UTF-8"?>
<!-- Generated by org.testng.reporters.JUnitReportReporter -->
<testsuite hostname="ST242GUR" failures="0" tests="1" name="testcases.Recruitment" time="56.099" errors="0" timestamp="2024-03-14T16:32:01 IST" skipped="0">
  <testcase classname="testcases.Recruitment" name="TC01_Recruitment_AddVacancy" time="56.099"/>
  <system-out/>
</testsuite> <!-- testcases.Recruitment -->
