<?xml version="1.0" encoding="UTF-8"?>
<!-- Generated by org.testng.reporters.JUnitReportReporter -->
<testsuite hostname="ST242GUR" failures="0" tests="5" name="testcases.PIM" time="209.640" errors="0" timestamp="2024-03-05T15:53:16 IST" skipped="0">
  <testcase classname="testcases.PIM" name="TC01_PIM_CreateEmployeeWithoutCreatingLoginDetails" time="30.592"/>
  <system-out/>
  <testcase classname="testcases.PIM" name="TC02_PIM_SearchEmployeeWithEmployeeId" time="29.979"/>
  <system-out/>
  <testcase classname="testcases.PIM" name="TC03_PIM_CreateEmployeeWithLoginDetails" time="47.226"/>
  <system-out/>
  <testcase classname="testcases.PIM" name="TC04_PIM_DeleteEmployee" time="46.988"/>
  <system-out/>
  <testcase classname="testcases.PIM" name="TC05_PIM_EditEmployeeName" time="54.855"/>
  <system-out/>
</testsuite> <!-- testcases.PIM -->
