<?xml version="1.0" encoding="UTF-8"?>
<!-- Generated by org.testng.reporters.JUnitReportReporter -->
<testsuite hostname="ST242GUR" failures="0" tests="5" name="testcases.PIM" time="248.982" errors="0" timestamp="2024-03-13T15:39:36 IST" skipped="0">
  <testcase classname="testcases.PIM" name="TC01_PIM_CreateEmployeeWithoutCreatingLoginDetails" time="39.315"/>
  <system-out/>
  <testcase classname="testcases.PIM" name="TC02_PIM_SearchEmployeeWithEmployeeId" time="35.696"/>
  <system-out/>
  <testcase classname="testcases.PIM" name="TC03_PIM_CreateEmployeeWithLoginDetails" time="52.961"/>
  <system-out/>
  <testcase classname="testcases.PIM" name="TC04_PIM_DeleteEmployee" time="60.372"/>
  <system-out/>
  <testcase classname="testcases.PIM" name="TC05_PIM_EditEmployeeName" time="60.638"/>
  <system-out/>
</testsuite> <!-- testcases.PIM -->
