<?xml version="1.0" encoding="UTF-8"?>
<!-- Generated by org.testng.reporters.JUnitReportReporter -->
<testsuite hostname="ST242GUR" failures="0" tests="2" name="testcases.Login" time="12.846" errors="0" timestamp="2024-02-19T17:11:38 IST" skipped="0">
  <testcase classname="testcases.Login" name="Login_ValidCredentials" time="6.362"/>
  <system-out/>
  <testcase classname="testcases.Login" name="Login_InvalidCredentials" time="6.484"/>
  <system-out/>
</testsuite> <!-- testcases.Login -->
