<?xml version="1.0" encoding="UTF-8"?>
<!-- Generated by org.testng.reporters.JUnitReportReporter -->
<testsuite hostname="ST242GUR" failures="0" tests="8" name="testcases.Recruitment" time="883.205" errors="0" timestamp="2024-04-01T11:06:42 IST" skipped="0">
  <testcase classname="testcases.Recruitment" name="TC01_Recruitment_AddVacancy" time="404.483"/>
  <system-out/>
  <testcase classname="testcases.Recruitment" name="TC02_Recruitment_AddCandidate" time="45.618"/>
  <system-out/>
  <testcase classname="testcases.Recruitment" name="TC03_Recruitment_ShortlistCandidate" time="62.996"/>
  <system-out/>
  <testcase classname="testcases.Recruitment" name="TC04_Recruitment_ScheduleInterviewForCandidate" time="56.746"/>
  <system-out/>
  <testcase classname="testcases.Recruitment" name="TC05_Recruitment_MarkInterviewPassedAndOfferJobToCandidate" time="74.512"/>
  <system-out/>
  <testcase classname="testcases.Recruitment" name="TC06_Recruitment_HireCandidate" time="52.257"/>
  <system-out/>
  <testcase classname="testcases.Recruitment" name="TC07_Recruitment_MarkInterviewFailedAndRejectCandidate" time="120.667"/>
  <system-out/>
  <testcase classname="testcases.Recruitment" name="TC08_Recruitment_RejectCandidateWithoutShortlist" time="65.926"/>
  <system-out/>
</testsuite> <!-- testcases.Recruitment -->
