<?xml version="1.0" encoding="UTF-8"?>
<!-- Generated by org.testng.reporters.JUnitReportReporter -->
<testsuite hostname="ST242GUR" failures="0" tests="8" name="testcases.Recruitment" time="508.931" errors="0" timestamp="2024-04-15T11:32:33 IST" skipped="0">
  <testcase classname="testcases.Recruitment" name="TC01_Recruitment_AddVacancy" time="72.107"/>
  <system-out/>
  <testcase classname="testcases.Recruitment" name="TC02_Recruitment_AddCandidate" time="39.941"/>
  <system-out/>
  <testcase classname="testcases.Recruitment" name="TC03_Recruitment_ShortlistCandidate" time="47.192"/>
  <system-out/>
  <testcase classname="testcases.Recruitment" name="TC04_Recruitment_ScheduleInterviewForCandidate" time="53.967"/>
  <system-out/>
  <testcase classname="testcases.Recruitment" name="TC05_Recruitment_MarkInterviewPassedAndOfferJobToCandidate" time="71.207"/>
  <system-out/>
  <testcase classname="testcases.Recruitment" name="TC06_Recruitment_HireCandidate" time="48.677"/>
  <system-out/>
  <testcase classname="testcases.Recruitment" name="TC07_Recruitment_MarkInterviewFailedAndRejectCandidate" time="115.247"/>
  <system-out/>
  <testcase classname="testcases.Recruitment" name="TC08_Recruitment_RejectCandidateWithoutShortlist" time="60.593"/>
  <system-out/>
</testsuite> <!-- testcases.Recruitment -->
