<?xml version="1.0" encoding="UTF-8"?>
<!-- Generated by org.testng.reporters.JUnitReportReporter -->
<testsuite hostname="ST242GUR" failures="0" tests="5" name="testcases.PIM" time="335.505" errors="0" timestamp="2024-04-15T11:32:33 IST" skipped="0">
  <testcase classname="testcases.PIM" name="TC01_PIM_CreateEmployeeWithoutCreatingLoginDetails" time="49.813"/>
  <system-out/>
  <testcase classname="testcases.PIM" name="TC02_PIM_SearchEmployeeWithEmployeeId" time="48.109"/>
  <system-out/>
  <testcase classname="testcases.PIM" name="TC03_PIM_CreateEmployeeWithLoginDetails" time="76.083"/>
  <system-out/>
  <testcase classname="testcases.PIM" name="TC04_PIM_DeleteEmployee" time="70.484"/>
  <system-out/>
  <testcase classname="testcases.PIM" name="TC05_PIM_EditEmployeeName" time="91.016"/>
  <system-out/>
</testsuite> <!-- testcases.PIM -->
