<?xml version="1.0" encoding="UTF-8"?>
<!-- Generated by org.testng.reporters.JUnitReportReporter -->
<testsuite hostname="ST242GUR" failures="0" tests="3" name="testcases.Time" time="230.275" errors="0" timestamp="2024-04-15T11:32:33 IST" skipped="0">
  <testcase classname="testcases.Time" name="TC01_Time_CreateTimesheet" time="66.057"/>
  <system-out/>
  <testcase classname="testcases.Time" name="TC02_Time_CreateTimesheetWithMultipleProjects" time="86.052"/>
  <system-out/>
  <testcase classname="testcases.Time" name="TC03_Time_SubmitAndApproveTimesheet" time="78.166"/>
  <system-out/>
</testsuite> <!-- testcases.Time -->
