<?xml version="1.0" encoding="UTF-8"?>
<!-- Generated by org.testng.reporters.JUnitReportReporter -->
<testsuite hostname="ST242GUR" failures="0" tests="1" name="testcases.Time" time="46.220" errors="0" timestamp="2024-03-12T18:09:45 IST" skipped="0">
  <testcase classname="testcases.Time" name="TC01_Time_CreateTimesheet" time="46.220"/>
  <system-out/>
</testsuite> <!-- testcases.Time -->
