<?xml version="1.0" encoding="UTF-8"?>
<!-- Generated by org.testng.reporters.JUnitReportReporter -->
<testsuite hostname="ST242GUR" failures="0" tests="1" name="testcases.Admin" time="13.242" errors="0" timestamp="2024-02-29T14:10:41 IST" skipped="0">
  <testcase classname="testcases.Admin" name="TC01_Admin_SearchUser" time="13.242"/>
  <system-out/>
</testsuite> <!-- testcases.Admin -->
