<?xml version="1.0" encoding="UTF-8"?>
<!-- Generated by org.testng.reporters.JUnitReportReporter -->
<testsuite hostname="ST242GUR" failures="0" tests="3" name="testcases.Time" time="166.025" errors="0" timestamp="2024-03-13T15:39:36 IST" skipped="0">
  <testcase classname="testcases.Time" name="TC01_Time_CreateTimesheet" time="49.652"/>
  <system-out/>
  <testcase classname="testcases.Time" name="TC02_Time_CreateTimesheetWithMultipleProjects" time="59.804"/>
  <system-out/>
  <testcase classname="testcases.Time" name="TC03_Time_SubmitAndApproveTimesheet" time="56.569"/>
  <system-out/>
</testsuite> <!-- testcases.Time -->
