<?xml version="1.0" encoding="UTF-8"?>
<!-- Generated by org.testng.reporters.JUnitReportReporter -->
<testsuite hostname="ST242GUR" failures="0" tests="4" name="testcases.Login" time="29.761" errors="0" timestamp="2024-02-29T14:10:41 IST" skipped="0">
  <testcase classname="testcases.Login" name="TC01_Login_ValidCredentials" time="7.646"/>
  <system-out/>
  <testcase classname="testcases.Login" name="TC02_Login_InvalidCredentials" time="7.476"/>
  <system-out/>
  <testcase classname="testcases.Login" name="TC02_Login_InvalidCredentials" time="7.071"/>
  <system-out/>
  <testcase classname="testcases.Login" name="TC02_Login_InvalidCredentials" time="7.568"/>
  <system-out/>
</testsuite> <!-- testcases.Login -->
